<?xml version="1.0" encoding="UTF-8"?>
<testsuite name="NumeralSystemConverterTest" tests="1" skipped="0" failures="0" errors="0" timestamp="2021-06-05T06:20:31" hostname="DESKTOP-JAIRO" time="1.454">
  <properties/>
  <testcase name="start" classname="NumeralSystemConverterTest" time="1.454"/>
  <system-out><![CDATA[?[1;31m
Start test 1?[0m
Enter two numbers in format: {source base} {target base} (To quit type /exit): > /exit
?[1;31m
Start test 2?[0m
Enter two numbers in format: {source base} {target base} (To quit type /exit): > 10 2
Enter number in base 10 to convert to base 2 (To go back type /back): > 329
Conversion result: 101001001
?[1;31m
Start test 3?[0m
Enter two numbers in format: {source base} {target base} (To quit type /exit): > 10 2
Enter number in base 10 to convert to base 2 (To go back type /back): > 28
Conversion result: 11100
Enter number in base 10 to convert to base 2 (To go back type /back): > /back
Enter two numbers in format: {source base} {target base} (To quit type /exit): > 10 8
Enter number in base 10 to convert to base 8 (To go back type /back): > 264
Conversion result: 410
Enter number in base 10 to convert to base 8 (To go back type /back): > /back
Enter two numbers in format: {source base} {target base} (To quit type /exit): > /exit
?[1;31m
Start test 4?[0m
Enter two numbers in format: {source base} {target base} (To quit type /exit): > 2 2
Enter number in base 2 to convert to base 2 (To go back type /back): > 111000000111011011111100110110010110001101011001
Conversion result: 111000000111011011111100110110010110001101011001
Enter number in base 2 to convert to base 2 (To go back type /back): > /back
Enter two numbers in format: {source base} {target base} (To quit type /exit): > 2 5
Enter number in base 2 to convert to base 5 (To go back type /back): > 1001010110001010101001100110111100100101100101100
Conversion result: 321100301000411424032
Enter number in base 2 to convert to base 5 (To go back type /back): > /back
Enter two numbers in format: {source base} {target base} (To quit type /exit): > 2 8
Enter number in base 2 to convert to base 8 (To go back type /back): > 110101000101011100010100001111010111111110010001
Conversion result: 6505342417277621
Enter number in base 2 to convert to base 8 (To go back type /back): > /back
Enter two numbers in format: {source base} {target base} (To quit type /exit): > 2 11
Enter number in base 2 to convert to base 11 (To go back type /back): > 11110100100100100001001000100011111001110011
Conversion result: 539a787577261
Enter number in base 2 to convert to base 11 (To go back type /back): > /back
Enter two numbers in format: {source base} {target base} (To quit type /exit): > 2 14
Enter number in base 2 to convert to base 14 (To go back type /back): > 1000100110110011111011111011000010101011100011
Conversion result: 94c04274b551
Enter number in base 2 to convert to base 14 (To go back type /back): > /back
Enter two numbers in format: {source base} {target base} (To quit type /exit): > 2 17
Enter number in base 2 to convert to base 17 (To go back type /back): > 1001100000011110111101001001110011011001111101001
Conversion result: 9cfe4d95b97d
Enter number in base 2 to convert to base 17 (To go back type /back): > /back
Enter two numbers in format: {source base} {target base} (To quit type /exit): > 2 20
Enter number in base 2 to convert to base 20 (To go back type /back): > 1011010011010111110010101111100111110000001001
Conversion result: 4h1fea6fg3d
Enter number in base 2 to convert to base 20 (To go back type /back): > /back
Enter two numbers in format: {source base} {target base} (To quit type /exit): > 2 23
Enter number in base 2 to convert to base 23 (To go back type /back): > 1011101011110101110000110111000111110000011100010
Conversion result: 9l5m105i47e
Enter number in base 2 to convert to base 23 (To go back type /back): > /back
Enter two numbers in format: {source base} {target base} (To quit type /exit): > 2 26
Enter number in base 2 to convert to base 26 (To go back type /back): > 1001100001011111101101011001100111000111110001111
Conversion result: 29ie8c2mj35
Enter number in base 2 to convert to base 26 (To go back type /back): > /back
Enter two numbers in format: {source base} {target base} (To quit type /exit): > 2 29
Enter number in base 2 to convert to base 29 (To go back type /back): > 1100000010101000001110110101110010100011101011110
Conversion result: 105q10cj9mr
Enter number in base 2 to convert to base 29 (To go back type /back): > /back
Enter two numbers in format: {source base} {target base} (To quit type /exit): > 2 32
Enter number in base 2 to convert to base 32 (To go back type /back): > 11101000111011100101101111000110100001111000110
Conversion result: 3kesmu6gu6
Enter number in base 2 to convert to base 32 (To go back type /back): > /back
Enter two numbers in format: {source base} {target base} (To quit type /exit): > 2 35
Enter number in base 2 to convert to base 35 (To go back type /back): > 101010110001101110011100000110000110101100000001
Conversion result: 2dj3rmvg4q
Enter number in base 2 to convert to base 35 (To go back type /back): > /back
Enter two numbers in format: {source base} {target base} (To quit type /exit): > 5 2
Enter number in base 5 to convert to base 2 (To go back type /back): > 113323423230001032
Conversion result: 1110111110001000011011110011000001110001
Enter number in base 5 to convert to base 2 (To go back type /back): > /back
Enter two numbers in format: {source base} {target base} (To quit type /exit): > 5 5
Enter number in base 5 to convert to base 5 (To go back type /back): > 20130400114231411343
Conversion result: 20130400114231411343
Enter number in base 5 to convert to base 5 (To go back type /back): > /back
Enter two numbers in format: {source base} {target base} (To quit type /exit): > 5 8
Enter number in base 5 to convert to base 8 (To go back type /back): > 234042021421210004212
Conversion result: 7400051632534375
Enter number in base 5 to convert to base 8 (To go back type /back): > /back
Enter two numbers in format: {source base} {target base} (To quit type /exit): > 5 11
Enter number in base 5 to convert to base 11 (To go back type /back): > 123122200012301021012
Conversion result: 42608673978a48
Enter number in base 5 to convert to base 11 (To go back type /back): > /back
Enter two numbers in format: {source base} {target base} (To quit type /exit): > 5 14
Enter number in base 5 to convert to base 14 (To go back type /back): > 231220144432344103131
Conversion result: 468ad3a4014c8
Enter number in base 5 to convert to base 14 (To go back type /back): > /back
Enter two numbers in format: {source base} {target base} (To quit type /exit): > 5 17
Enter number in base 5 to convert to base 17 (To go back type /back): > 411432044404300241433
Conversion result: bf5ff156510g
Enter number in base 5 to convert to base 17 (To go back type /back): > /back
Enter two numbers in format: {source base} {target base} (To quit type /exit): > 5 20
Enter number in base 5 to convert to base 20 (To go back type /back): > 421201410401032221240
Conversion result: 21a21hhhj360
Enter number in base 5 to convert to base 20 (To go back type /back): > /back
Enter two numbers in format: {source base} {target base} (To quit type /exit): > 5 23
Enter number in base 5 to convert to base 23 (To go back type /back): > 123000112211422333420
Conversion result: 3bb3h8c36gl
Enter number in base 5 to convert to base 23 (To go back type /back): > /back
Enter two numbers in format: {source base} {target base} (To quit type /exit): > 5 26
Enter number in base 5 to convert to base 26 (To go back type /back): > 111320130143312014041
Conversion result: m6jffmh6k4
Enter number in base 5 to convert to base 26 (To go back type /back): > /back
Enter two numbers in format: {source base} {target base} (To quit type /exit): > 5 29
Enter number in base 5 to convert to base 29 (To go back type /back): > 414233201110003313314
Conversion result: snaj7bkgka
Enter number in base 5 to convert to base 29 (To go back type /back): > /back
Enter two numbers in format: {source base} {target base} (To quit type /exit): > 5 32
Enter number in base 5 to convert to base 32 (To go back type /back): > 1122202334300130124
Conversion result: 4g89vu10m
Enter number in base 5 to convert to base 32 (To go back type /back): > /back
Enter two numbers in format: {source base} {target base} (To quit type /exit): > 5 35
Enter number in base 5 to convert to base 35 (To go back type /back): > 430244302240342202342
Conversion result: 5ksrb7bjum
Enter number in base 5 to convert to base 35 (To go back type /back): > /back
Enter two numbers in format: {source base} {target base} (To quit type /exit): > 8 2
Enter number in base 8 to convert to base 2 (To go back type /back): > 11703136537367177
Conversion result: 1001111000011001011110101011111011110111001111111
Enter number in base 8 to convert to base 2 (To go back type /back): > /back
Enter two numbers in format: {source base} {target base} (To quit type /exit): > 8 5
Enter number in base 8 to convert to base 5 (To go back type /back): > 4455430441146606
Conversion result: 132130323440123111214
Enter number in base 8 to convert to base 5 (To go back type /back): > /back
Enter two numbers in format: {source base} {target base} (To quit type /exit): > 8 8
Enter number in base 8 to convert to base 8 (To go back type /back): > 7315120007230366
Conversion result: 7315120007230366
Enter number in base 8 to convert to base 8 (To go back type /back): > /back
Enter two numbers in format: {source base} {target base} (To quit type /exit): > 8 11
Enter number in base 8 to convert to base 11 (To go back type /back): > 10627435013236740
Conversion result: 8a679670a97685
Enter number in base 8 to convert to base 11 (To go back type /back): > /back
Enter two numbers in format: {source base} {target base} (To quit type /exit): > 8 14
Enter number in base 8 to convert to base 14 (To go back type /back): > 11756065002036026
Conversion result: 6281b342a3bb8
Enter number in base 8 to convert to base 14 (To go back type /back): > /back
Enter two numbers in format: {source base} {target base} (To quit type /exit): > 8 17
Enter number in base 8 to convert to base 17 (To go back type /back): > 7121565472425574
Conversion result: 75g3d4e17fad
Enter number in base 8 to convert to base 17 (To go back type /back): > /back
Enter two numbers in format: {source base} {target base} (To quit type /exit): > 8 20
Enter number in base 8 to convert to base 20 (To go back type /back): > 10353445774642520
Conversion result: 19179c7ff3b4
Enter number in base 8 to convert to base 20 (To go back type /back): > /back
Enter two numbers in format: {source base} {target base} (To quit type /exit): > 8 23
Enter number in base 8 to convert to base 23 (To go back type /back): > 10201137227270354
Conversion result: 704fi32jec8
Enter number in base 8 to convert to base 23 (To go back type /back): > /back
Enter two numbers in format: {source base} {target base} (To quit type /exit): > 8 26
Enter number in base 8 to convert to base 26 (To go back type /back): > 10375413220616136
Conversion result: 23183e33g4e
Enter number in base 8 to convert to base 26 (To go back type /back): > /back
Enter two numbers in format: {source base} {target base} (To quit type /exit): > 8 29
Enter number in base 8 to convert to base 29 (To go back type /back): > 13102022626215314
Conversion result: qslim0ipl9
Enter number in base 8 to convert to base 29 (To go back type /back): > /back
Enter two numbers in format: {source base} {target base} (To quit type /exit): > 8 32
Enter number in base 8 to convert to base 32 (To go back type /back): > 7244132370264650
Conversion result: 7a8b9u2qd8
Enter number in base 8 to convert to base 32 (To go back type /back): > /back
Enter two numbers in format: {source base} {target base} (To quit type /exit): > 8 35
Enter number in base 8 to convert to base 35 (To go back type /back): > 2204372135317372
Conversion result: 10a7qjacah
Enter number in base 8 to convert to base 35 (To go back type /back): > /back
Enter two numbers in format: {source base} {target base} (To quit type /exit): > 11 2
Enter number in base 11 to convert to base 2 (To go back type /back): > 134a9095626a60a
Conversion result: 1110001011100110100111101111011110100001011000101
Enter number in base 11 to convert to base 2 (To go back type /back): > /back
Enter two numbers in format: {source base} {target base} (To quit type /exit): > 11 5
Enter number in base 11 to convert to base 5 (To go back type /back): > 3893293534234
Conversion result: 3031101331223300143
Enter number in base 11 to convert to base 5 (To go back type /back): > /back
Enter two numbers in format: {source base} {target base} (To quit type /exit): > 11 8
Enter number in base 11 to convert to base 8 (To go back type /back): > 130157373598115
Conversion result: 15577374232631113
Enter number in base 11 to convert to base 8 (To go back type /back): > /back
Enter two numbers in format: {source base} {target base} (To quit type /exit): > 11 11
Enter number in base 11 to convert to base 11 (To go back type /back): > 95644118683476
Conversion result: 95644118683476
Enter number in base 11 to convert to base 11 (To go back type /back): > /back
Enter two numbers in format: {source base} {target base} (To quit type /exit): > 11 14
Enter number in base 11 to convert to base 14 (To go back type /back): > 9716837022a420
Conversion result: 5c39ab19c5a39
Enter number in base 11 to convert to base 14 (To go back type /back): > /back
Enter two numbers in format: {source base} {target base} (To quit type /exit): > 11 17
Enter number in base 11 to convert to base 17 (To go back type /back): > 120422464170347
Conversion result: d23a4b6765ag
Enter number in base 11 to convert to base 17 (To go back type /back): > /back
Enter two numbers in format: {source base} {target base} (To quit type /exit): > 11 20
Enter number in base 11 to convert to base 20 (To go back type /back): > 114a027aa59030
Conversion result: 3g5h9328b02
Enter number in base 11 to convert to base 20 (To go back type /back): > /back
Enter two numbers in format: {source base} {target base} (To quit type /exit): > 11 23
Enter number in base 11 to convert to base 23 (To go back type /back): > 94a5a63590aa7a
Conversion result: 7k36ce32fg0
Enter number in base 11 to convert to base 23 (To go back type /back): > /back
Enter two numbers in format: {source base} {target base} (To quit type /exit): > 11 26
Enter number in base 11 to convert to base 26 (To go back type /back): > 130588835716921
Conversion result: 3b89cjpgeb9
Enter number in base 11 to convert to base 26 (To go back type /back): > /back
Enter two numbers in format: {source base} {target base} (To quit type /exit): > 11 29
Enter number in base 11 to convert to base 29 (To go back type /back): > a2787177272140
Conversion result: ob2s7moqlq
Enter number in base 11 to convert to base 29 (To go back type /back): > /back
Enter two numbers in format: {source base} {target base} (To quit type /exit): > 11 32
Enter number in base 11 to convert to base 32 (To go back type /back): > 83190377689261
Conversion result: 8472os6ji0
Enter number in base 11 to convert to base 32 (To go back type /back): > /back
Enter two numbers in format: {source base} {target base} (To quit type /exit): > 11 35
Enter number in base 11 to convert to base 35 (To go back type /back): > 108982a3a293554
Conversion result: 560r81dxky
Enter number in base 11 to convert to base 35 (To go back type /back): > /back
Enter two numbers in format: {source base} {target base} (To quit type /exit): > 14 2
Enter number in base 14 to convert to base 2 (To go back type /back): > 76cb061a34940
Conversion result: 1100000100110011011111000111000011101100000101100
Enter number in base 14 to convert to base 2 (To go back type /back): > /back
Enter two numbers in format: {source base} {target base} (To quit type /exit): > 14 5
Enter number in base 14 to convert to base 5 (To go back type /back): > 992000c85b48
Conversion result: 20110430232031324414
Enter number in base 14 to convert to base 5 (To go back type /back): > /back
Enter two numbers in format: {source base} {target base} (To quit type /exit): > 14 8
Enter number in base 14 to convert to base 8 (To go back type /back): > 240b5a2a7c224
Conversion result: 3541117672423770
Enter number in base 14 to convert to base 8 (To go back type /back): > /back
Enter two numbers in format: {source base} {target base} (To quit type /exit): > 14 11
Enter number in base 14 to convert to base 11 (To go back type /back): > 299884c91067c
Conversion result: 4469a6412a0831
Enter number in base 14 to convert to base 11 (To go back type /back): > /back
Enter two numbers in format: {source base} {target base} (To quit type /exit): > 14 14
Enter number in base 14 to convert to base 14 (To go back type /back): > 2a5b79568138b
Conversion result: 2a5b79568138b
Enter number in base 14 to convert to base 14 (To go back type /back): > /back
Enter two numbers in format: {source base} {target base} (To quit type /exit): > 14 17
Enter number in base 14 to convert to base 17 (To go back type /back): > 108d0d5743c47
Conversion result: 1c6ec0e3168a
Enter number in base 14 to convert to base 17 (To go back type /back): > /back
Enter two numbers in format: {source base} {target base} (To quit type /exit): > 14 20
Enter number in base 14 to convert to base 20 (To go back type /back): > 546733a4605b0
Conversion result: 198j829e7626
Enter number in base 14 to convert to base 20 (To go back type /back): > /back
Enter two numbers in format: {source base} {target base} (To quit type /exit): > 14 23
Enter number in base 14 to convert to base 23 (To go back type /back): > 676a4a4cba473
Conversion result: 8lfe676lm03
Enter number in base 14 to convert to base 23 (To go back type /back): > /back
Enter two numbers in format: {source base} {target base} (To quit type /exit): > 14 26
Enter number in base 14 to convert to base 26 (To go back type /back): > 74d02c93b5124
Conversion result: 2ok04fkejk8
Enter number in base 14 to convert to base 26 (To go back type /back): > /back
Enter two numbers in format: {source base} {target base} (To quit type /exit): > 14 29
Enter number in base 14 to convert to base 29 (To go back type /back): > 6d3a715d6a15
Conversion result: 1r712a0j80
Enter number in base 14 to convert to base 29 (To go back type /back): > /back
Enter two numbers in format: {source base} {target base} (To quit type /exit): > 14 32
Enter number in base 14 to convert to base 32 (To go back type /back): > 1032c5539d5b4
Conversion result: 1kcvvplltq
Enter number in base 14 to convert to base 32 (To go back type /back): > /back
Enter two numbers in format: {source base} {target base} (To quit type /exit): > 14 35
Enter number in base 14 to convert to base 35 (To go back type /back): > 65d5147874b74
Conversion result: 4lqsc66aib
Enter number in base 14 to convert to base 35 (To go back type /back): > /back
Enter two numbers in format: {source base} {target base} (To quit type /exit): > 17 2
Enter number in base 17 to convert to base 2 (To go back type /back): > 83e2bc72e7b
Conversion result: 11110001010011101000110010010011110000011011
Enter number in base 17 to convert to base 2 (To go back type /back): > /back
Enter two numbers in format: {source base} {target base} (To quit type /exit): > 17 5
Enter number in base 17 to convert to base 5 (To go back type /back): > e6289ec5a2f8
Conversion result: 1004003144130223030321
Enter number in base 17 to convert to base 5 (To go back type /back): > /back
Enter two numbers in format: {source base} {target base} (To quit type /exit): > 17 8
Enter number in base 17 to convert to base 8 (To go back type /back): > 80g36ab30431
Conversion result: 7661565123037601
Enter number in base 17 to convert to base 8 (To go back type /back): > /back
Enter two numbers in format: {source base} {target base} (To quit type /exit): > 17 11
Enter number in base 17 to convert to base 11 (To go back type /back): > 85a3137878cg
Conversion result: 82a58a39059814
Enter number in base 17 to convert to base 11 (To go back type /back): > /back
Enter two numbers in format: {source base} {target base} (To quit type /exit): > 17 14
Enter number in base 17 to convert to base 14 (To go back type /back): > 8dcg3fed502e
Conversion result: 547ad92d613c7
Enter number in base 17 to convert to base 14 (To go back type /back): > /back
Enter two numbers in format: {source base} {target base} (To quit type /exit): > 17 17
Enter number in base 17 to convert to base 17 (To go back type /back): > 97566bd78g5a
Conversion result: 97566bd78g5a
Enter number in base 17 to convert to base 17 (To go back type /back): > /back
Enter two numbers in format: {source base} {target base} (To quit type /exit): > 17 20
Enter number in base 17 to convert to base 20 (To go back type /back): > 1749dg2ca4bc
Conversion result: 4fb3jh68f1h
Enter number in base 17 to convert to base 20 (To go back type /back): > /back
Enter two numbers in format: {source base} {target base} (To quit type /exit): > 17 23
Enter number in base 17 to convert to base 23 (To go back type /back): > 912abe9d0d20
Conversion result: 7bcaj192acf
Enter number in base 17 to convert to base 23 (To go back type /back): > /back
Enter two numbers in format: {source base} {target base} (To quit type /exit): > 17 26
Enter number in base 17 to convert to base 26 (To go back type /back): > 24c4ab50daa9
Conversion result: e9l674dec2
Enter number in base 17 to convert to base 26 (To go back type /back): > /back
Enter two numbers in format: {source base} {target base} (To quit type /exit): > 17 29
Enter number in base 17 to convert to base 29 (To go back type /back): > 92g64a0bc986
Conversion result: ljfb7nis9e
Enter number in base 17 to convert to base 29 (To go back type /back): > /back
Enter two numbers in format: {source base} {target base} (To quit type /exit): > 17 32
Enter number in base 17 to convert to base 32 (To go back type /back): > c3353ea43g31
Conversion result: brso6bvl8d
Enter number in base 17 to convert to base 32 (To go back type /back): > /back
Enter two numbers in format: {source base} {target base} (To quit type /exit): > 17 35
Enter number in base 17 to convert to base 35 (To go back type /back): > c1b44cc0bcdg
Conversion result: 5945rj8nf3
Enter number in base 17 to convert to base 35 (To go back type /back): > /back
Enter two numbers in format: {source base} {target base} (To quit type /exit): > /exit
?[1;31m
Start test 5?[0m
Enter two numbers in format: {source base} {target base} (To quit type /exit): > 19 2
Enter number in base 19 to convert to base 2 (To go back type /back): > 1034c61e8d0f
Conversion result: 11010101110011001000111001011111101011110001111
Enter number in base 19 to convert to base 2 (To go back type /back): > /back
Enter two numbers in format: {source base} {target base} (To quit type /exit): > 19 5
Enter number in base 19 to convert to base 5 (To go back type /back): > 16e10f5471bf
Conversion result: 131141042422010244224
Enter number in base 19 to convert to base 5 (To go back type /back): > /back
Enter two numbers in format: {source base} {target base} (To quit type /exit): > 19 8
Enter number in base 19 to convert to base 8 (To go back type /back): > 3759cf76g6fi
Conversion result: 13147675323443223
Enter number in base 19 to convert to base 8 (To go back type /back): > /back
Enter two numbers in format: {source base} {target base} (To quit type /exit): > 19 11
Enter number in base 19 to convert to base 11 (To go back type /back): > 2146d6hahb3f
Conversion result: 6a6aa381768198
Enter number in base 19 to convert to base 11 (To go back type /back): > /back
Enter two numbers in format: {source base} {target base} (To quit type /exit): > 19 14
Enter number in base 19 to convert to base 14 (To go back type /back): > 26gi3e6866d0
Conversion result: 4bd78cda2718a
Enter number in base 19 to convert to base 14 (To go back type /back): > /back
Enter two numbers in format: {source base} {target base} (To quit type /exit): > 19 17
Enter number in base 19 to convert to base 17 (To go back type /back): > 37136fiih2f0
Conversion result: b7e0c0gd28d1
Enter number in base 19 to convert to base 17 (To go back type /back): > /back
Enter two numbers in format: {source base} {target base} (To quit type /exit): > 19 20
Enter number in base 19 to convert to base 20 (To go back type /back): > 2043i4d43959
Conversion result: 12hdgjabff04
Enter number in base 19 to convert to base 20 (To go back type /back): > /back
Enter two numbers in format: {source base} {target base} (To quit type /exit): > 19 23
Enter number in base 19 to convert to base 23 (To go back type /back): > 41g6e010371g
Conversion result: bc0iii1e1f1
Enter number in base 19 to convert to base 23 (To go back type /back): > /back
Enter two numbers in format: {source base} {target base} (To quit type /exit): > 19 26
Enter number in base 19 to convert to base 26 (To go back type /back): > 28824d671bh7
Conversion result: 20b24b0oj8e
Enter number in base 19 to convert to base 26 (To go back type /back): > /back
Enter two numbers in format: {source base} {target base} (To quit type /exit): > 19 29
Enter number in base 19 to convert to base 29 (To go back type /back): > cf64hcacgc0
Conversion result: 5brphgq5j3
Enter number in base 19 to convert to base 29 (To go back type /back): > /back
Enter two numbers in format: {source base} {target base} (To quit type /exit): > 19 32
Enter number in base 19 to convert to base 32 (To go back type /back): > 32c7fd1d307a
Conversion result: ackc3s8bm8
Enter number in base 19 to convert to base 32 (To go back type /back): > /back
Enter two numbers in format: {source base} {target base} (To quit type /exit): > 19 35
Enter number in base 19 to convert to base 35 (To go back type /back): > 33275f233d8g
Conversion result: 4noi9fa5x9
Enter number in base 19 to convert to base 35 (To go back type /back): > /back
Enter two numbers in format: {source base} {target base} (To quit type /exit): > 22 2
Enter number in base 22 to convert to base 2 (To go back type /back): > 901gaeii51i
Conversion result: 110110010111111000000110101011001010000000101100
Enter number in base 22 to convert to base 2 (To go back type /back): > /back
Enter two numbers in format: {source base} {target base} (To quit type /exit): > 22 5
Enter number in base 22 to convert to base 5 (To go back type /back): > ig87de4bdch
Conversion result: 1010223310301141433013
Enter number in base 22 to convert to base 5 (To go back type /back): > /back
Enter two numbers in format: {source base} {target base} (To quit type /exit): > 22 8
Enter number in base 22 to convert to base 8 (To go back type /back): > ea7cib9g15
Conversion result: 376155401303243
Enter number in base 22 to convert to base 8 (To go back type /back): > /back
Enter two numbers in format: {source base} {target base} (To quit type /exit): > 22 11
Enter number in base 22 to convert to base 11 (To go back type /back): > gh2jff0hbe3
Conversion result: 119aa4442818263
Enter number in base 22 to convert to base 11 (To go back type /back): > /back
Enter two numbers in format: {source base} {target base} (To quit type /exit): > 22 14
Enter number in base 22 to convert to base 14 (To go back type /back): > g527lcgehl4
Conversion result: 786679ba24342
Enter number in base 22 to convert to base 14 (To go back type /back): > /back
Enter two numbers in format: {source base} {target base} (To quit type /exit): > 22 17
Enter number in base 22 to convert to base 17 (To go back type /back): > i1aadl94fi
Conversion result: adfdd3bb830
Enter number in base 22 to convert to base 17 (To go back type /back): > /back
Enter two numbers in format: {source base} {target base} (To quit type /exit): > 22 20
Enter number in base 22 to convert to base 20 (To go back type /back): > 6ahca4f32ej
Conversion result: gge4af68jdj
Enter number in base 22 to convert to base 20 (To go back type /back): > /back
Enter two numbers in format: {source base} {target base} (To quit type /exit): > 22 23
Enter number in base 22 to convert to base 23 (To go back type /back): > dj0ifc7ii55
Conversion result: 8kad8bd07g9
Enter number in base 22 to convert to base 23 (To go back type /back): > /back
Enter two numbers in format: {source base} {target base} (To quit type /exit): > 22 26
Enter number in base 22 to convert to base 26 (To go back type /back): > 38k430082e7
Conversion result: gh2oddg75l
Enter number in base 22 to convert to base 26 (To go back type /back): > /back
Enter two numbers in format: {source base} {target base} (To quit type /exit): > 22 29
Enter number in base 22 to convert to base 29 (To go back type /back): > fd8b6466ib6
Conversion result: sgkj7n25jl
Enter number in base 22 to convert to base 29 (To go back type /back): > /back
Enter two numbers in format: {source base} {target base} (To quit type /exit): > 22 32
Enter number in base 22 to convert to base 32 (To go back type /back): > hhd3chkel25
Conversion result: ddv8ajuaql
Enter number in base 22 to convert to base 32 (To go back type /back): > /back
Enter two numbers in format: {source base} {target base} (To quit type /exit): > 22 35
Enter number in base 22 to convert to base 35 (To go back type /back): > g86b23ckfg1
Conversion result: 5i5lukgmhx
Enter number in base 22 to convert to base 35 (To go back type /back): > /back
Enter two numbers in format: {source base} {target base} (To quit type /exit): > 25 2
Enter number in base 25 to convert to base 2 (To go back type /back): > 4c25c7nonoe
Conversion result: 1100001001110001011010111110010100001001100110110
Enter number in base 25 to convert to base 2 (To go back type /back): > /back
Enter two numbers in format: {source base} {target base} (To quit type /exit): > 25 5
Enter number in base 25 to convert to base 5 (To go back type /back): > 537e14fcbk9
Conversion result: 1003122401043022214014
Enter number in base 25 to convert to base 5 (To go back type /back): > /back
Enter two numbers in format: {source base} {target base} (To quit type /exit): > 25 8
Enter number in base 25 to convert to base 8 (To go back type /back): > o936e2kckh
Conversion result: 2510425151653447
Enter number in base 25 to convert to base 8 (To go back type /back): > /back
Enter two numbers in format: {source base} {target base} (To quit type /exit): > 25 11
Enter number in base 25 to convert to base 11 (To go back type /back): > 40i7hmfkk6d
Conversion result: 101490216201407
Enter number in base 25 to convert to base 11 (To go back type /back): > /back
Enter two numbers in format: {source base} {target base} (To quit type /exit): > 25 14
Enter number in base 25 to convert to base 14 (To go back type /back): > k9490aee4c
Conversion result: 152858c6134ac
Enter number in base 25 to convert to base 14 (To go back type /back): > /back
Enter two numbers in format: {source base} {target base} (To quit type /exit): > 25 17
Enter number in base 25 to convert to base 17 (To go back type /back): > 1imoj44h06o
Conversion result: 4f1d814b9c05
Enter number in base 25 to convert to base 17 (To go back type /back): > /back
Enter two numbers in format: {source base} {target base} (To quit type /exit): > 25 20
Enter number in base 25 to convert to base 20 (To go back type /back): > cafl85748k
Conversion result: 4cba99768da
Enter number in base 25 to convert to base 20 (To go back type /back): > /back
Enter two numbers in format: {source base} {target base} (To quit type /exit): > 25 23
Enter number in base 25 to convert to base 23 (To go back type /back): > 1ho7kgji1e6
Conversion result: 3m06cae41f2
Enter number in base 25 to convert to base 23 (To go back type /back): > /back
Enter two numbers in format: {source base} {target base} (To quit type /exit): > 25 26
Enter number in base 25 to convert to base 26 (To go back type /back): > 4ac7h0jbon7
Conversion result: 2pga45f9og6
Enter number in base 25 to convert to base 26 (To go back type /back): > /back
Enter two numbers in format: {source base} {target base} (To quit type /exit): > 25 29
Enter number in base 25 to convert to base 29 (To go back type /back): > 3edef0kk0mc
Conversion result: nfnqqr3e66
Enter number in base 25 to convert to base 29 (To go back type /back): > /back
Enter two numbers in format: {source base} {target base} (To quit type /exit): > 25 32
Enter number in base 25 to convert to base 32 (To go back type /back): > 4a484eek1g6
Conversion result: bu7leinlrl
Enter number in base 25 to convert to base 32 (To go back type /back): > /back
Enter two numbers in format: {source base} {target base} (To quit type /exit): > 25 35
Enter number in base 25 to convert to base 35 (To go back type /back): > 2hjgo9nnadn
Conversion result: 39t49qfko8
Enter number in base 25 to convert to base 35 (To go back type /back): > /back
Enter two numbers in format: {source base} {target base} (To quit type /exit): > 28 2
Enter number in base 28 to convert to base 2 (To go back type /back): > igr1n5o7cn
Conversion result: 101100110000001000111111000100110101100111010111
Enter number in base 28 to convert to base 2 (To go back type /back): > /back
Enter two numbers in format: {source base} {target base} (To quit type /exit): > 28 5
Enter number in base 28 to convert to base 5 (To go back type /back): > jp0g174h18
Conversion result: 210040401133400312043
Enter number in base 28 to convert to base 5 (To go back type /back): > /back
Enter two numbers in format: {source base} {target base} (To quit type /exit): > 28 8
Enter number in base 28 to convert to base 8 (To go back type /back): > 1foi587b1ac
Conversion result: 15142631216605164
Enter number in base 28 to convert to base 8 (To go back type /back): > /back
Enter two numbers in format: {source base} {target base} (To quit type /exit): > 28 11
Enter number in base 28 to convert to base 11 (To go back type /back): > o5r89c7kbi
Conversion result: 74683534242950
Enter number in base 28 to convert to base 11 (To go back type /back): > /back
Enter two numbers in format: {source base} {target base} (To quit type /exit): > 28 14
Enter number in base 28 to convert to base 14 (To go back type /back): > 18j7jpgepm4
Conversion result: 6bba6706c7524
Enter number in base 28 to convert to base 14 (To go back type /back): > /back
Enter two numbers in format: {source base} {target base} (To quit type /exit): > 28 17
Enter number in base 28 to convert to base 17 (To go back type /back): > 1bqaadpo0iq
Conversion result: c59g272f48a8
Enter number in base 28 to convert to base 17 (To go back type /back): > /back
Enter two numbers in format: {source base} {target base} (To quit type /exit): > 28 20
Enter number in base 28 to convert to base 20 (To go back type /back): > 1h7pbirc13k
Conversion result: 26fbchafi154
Enter number in base 28 to convert to base 20 (To go back type /back): > /back
Enter two numbers in format: {source base} {target base} (To quit type /exit): > 28 23
Enter number in base 28 to convert to base 23 (To go back type /back): > 13ch17o6bfo
Conversion result: 80g9075i0k5
Enter number in base 28 to convert to base 23 (To go back type /back): > /back
Enter two numbers in format: {source base} {target base} (To quit type /exit): > 28 26
Enter number in base 28 to convert to base 26 (To go back type /back): > 10egko1548
Conversion result: 1pffb9anp2
Enter number in base 28 to convert to base 26 (To go back type /back): > /back
Enter two numbers in format: {source base} {target base} (To quit type /exit): > 28 29
Enter number in base 28 to convert to base 29 (To go back type /back): > qo1l6fpa9l
Conversion result: jgsdijfmfo
Enter number in base 28 to convert to base 29 (To go back type /back): > /back
Enter two numbers in format: {source base} {target base} (To quit type /exit): > 28 32
Enter number in base 28 to convert to base 32 (To go back type /back): > 14595f9jb13
Conversion result: 9lmhdco70f
Enter number in base 28 to convert to base 32 (To go back type /back): > /back
Enter two numbers in format: {source base} {target base} (To quit type /exit): > 28 35
Enter number in base 28 to convert to base 35 (To go back type /back): > 19gejfaiijf
Conversion result: 51kfud0wo1
Enter number in base 28 to convert to base 35 (To go back type /back): > /back
Enter two numbers in format: {source base} {target base} (To quit type /exit): > 31 2
Enter number in base 31 to convert to base 2 (To go back type /back): > 96s0a8d6ns
Conversion result: 110111011100011001111110010101111011000011111101
Enter number in base 31 to convert to base 2 (To go back type /back): > /back
Enter two numbers in format: {source base} {target base} (To quit type /exit): > 31 5
Enter number in base 31 to convert to base 5 (To go back type /back): > 3du8121m8q
Conversion result: 43424324341442331144
Enter number in base 31 to convert to base 5 (To go back type /back): > /back
Enter two numbers in format: {source base} {target base} (To quit type /exit): > 31 8
Enter number in base 31 to convert to base 8 (To go back type /back): > c385ehfsr1
Conversion result: 11061362050347752
Enter number in base 31 to convert to base 8 (To go back type /back): > /back
Enter two numbers in format: {source base} {target base} (To quit type /exit): > 31 11
Enter number in base 31 to convert to base 11 (To go back type /back): > d0lmftldtd
Conversion result: 9a788287109115
Enter number in base 31 to convert to base 11 (To go back type /back): > /back
Enter two numbers in format: {source base} {target base} (To quit type /exit): > 31 14
Enter number in base 31 to convert to base 14 (To go back type /back): > 93gcpjaklb
Conversion result: 4370c02ad7b0c
Enter number in base 31 to convert to base 14 (To go back type /back): > /back
Enter two numbers in format: {source base} {target base} (To quit type /exit): > 31 17
Enter number in base 31 to convert to base 17 (To go back type /back): > aj2570s57u
Conversion result: 833bca08f8g7
Enter number in base 31 to convert to base 17 (To go back type /back): > /back
Enter two numbers in format: {source base} {target base} (To quit type /exit): > 31 20
Enter number in base 31 to convert to base 20 (To go back type /back): > b2nit3iddm
Conversion result: 18ccfchdef8c
Enter number in base 31 to convert to base 20 (To go back type /back): > /back
Enter two numbers in format: {source base} {target base} (To quit type /exit): > 31 23
Enter number in base 31 to convert to base 23 (To go back type /back): > gbbr0uqjgp
Conversion result: aa5li41cd72
Enter number in base 31 to convert to base 23 (To go back type /back): > /back
Enter two numbers in format: {source base} {target base} (To quit type /exit): > 31 26
Enter number in base 31 to convert to base 26 (To go back type /back): > dushhq4c08
Conversion result: 2g45jfccj1p
Enter number in base 31 to convert to base 26 (To go back type /back): > /back
Enter two numbers in format: {source base} {target base} (To quit type /exit): > 31 29
Enter number in base 31 to convert to base 29 (To go back type /back): > 8lacp7516t
Conversion result: fo5or76e0i
Enter number in base 31 to convert to base 29 (To go back type /back): > /back
Enter two numbers in format: {source base} {target base} (To quit type /exit): > 31 32
Enter number in base 31 to convert to base 32 (To go back type /back): > 6t0kq4cdj9
Conversion result: 56pba13o5c
Enter number in base 31 to convert to base 32 (To go back type /back): > /back
Enter two numbers in format: {source base} {target base} (To quit type /exit): > 31 35
Enter number in base 31 to convert to base 35 (To go back type /back): > 3g6ucejabh
Conversion result: 16cvng2g8d
Enter number in base 31 to convert to base 35 (To go back type /back): > /back
Enter two numbers in format: {source base} {target base} (To quit type /exit): > 34 2
Enter number in base 34 to convert to base 2 (To go back type /back): > 7gf2n2exgd
Conversion result: 1100111010100001001101111011100111110101110100001
Enter number in base 34 to convert to base 2 (To go back type /back): > /back
Enter two numbers in format: {source base} {target base} (To quit type /exit): > 34 5
Enter number in base 34 to convert to base 5 (To go back type /back): > 4tknlwevlb
Conversion result: 302230423120230241021
Enter number in base 34 to convert to base 5 (To go back type /back): > /back
Enter two numbers in format: {source base} {target base} (To quit type /exit): > 34 8
Enter number in base 34 to convert to base 8 (To go back type /back): > 57xshauo9f
Conversion result: 11021406520560321
Enter number in base 34 to convert to base 8 (To go back type /back): > /back
Enter two numbers in format: {source base} {target base} (To quit type /exit): > 34 11
Enter number in base 34 to convert to base 11 (To go back type /back): > 1mljoq6u4o
Conversion result: 2a253398493561
Enter number in base 34 to convert to base 11 (To go back type /back): > /back
Enter two numbers in format: {source base} {target base} (To quit type /exit): > 34 14
Enter number in base 34 to convert to base 14 (To go back type /back): > 3n082d80du
Conversion result: 3d1a9dd9b9c36
Enter number in base 34 to convert to base 14 (To go back type /back): > /back
Enter two numbers in format: {source base} {target base} (To quit type /exit): > 34 17
Enter number in base 34 to convert to base 17 (To go back type /back): > 4bwn9c79ev
Conversion result: 7c121aa873ce
Enter number in base 34 to convert to base 17 (To go back type /back): > /back
Enter two numbers in format: {source base} {target base} (To quit type /exit): > 34 20
Enter number in base 34 to convert to base 20 (To go back type /back): > 1deufr4ak1
Conversion result: 8593749d64h
Enter number in base 34 to convert to base 20 (To go back type /back): > /back
Enter two numbers in format: {source base} {target base} (To quit type /exit): > 34 23
Enter number in base 34 to convert to base 23 (To go back type /back): > sm63od0dl
Conversion result: 1598j8g993a
Enter number in base 34 to convert to base 23 (To go back type /back): > /back
Enter two numbers in format: {source base} {target base} (To quit type /exit): > 34 26
Enter number in base 34 to convert to base 26 (To go back type /back): > dthtk3i48
Conversion result: 4efd1c2bfe
Enter number in base 34 to convert to base 26 (To go back type /back): > /back
Enter two numbers in format: {source base} {target base} (To quit type /exit): > 34 29
Enter number in base 34 to convert to base 29 (To go back type /back): > 3ecw31twrk
Conversion result: e9d940kljl
Enter number in base 34 to convert to base 29 (To go back type /back): > /back
Enter two numbers in format: {source base} {target base} (To quit type /exit): > 34 32
Enter number in base 34 to convert to base 32 (To go back type /back): > 3t7w7rots
Conversion result: 68jehftau
Enter number in base 34 to convert to base 32 (To go back type /back): > /back
Enter two numbers in format: {source base} {target base} (To quit type /exit): > 34 35
Enter number in base 34 to convert to base 35 (To go back type /back): > 4m3w8ad9a6
Conversion result: 3kdmtcaq16
Enter number in base 34 to convert to base 35 (To go back type /back): > /back
Enter two numbers in format: {source base} {target base} (To quit type /exit): > /exit
?[1;31m
Start test 6?[0m
Enter two numbers in format: {source base} {target base} (To quit type /exit): > 2 5
Enter number in base 2 to convert to base 5 (To go back type /back): > 1010010101.00000
Conversion result: 10121.00000
Enter number in base 2 to convert to base 5 (To go back type /back): > /back
Enter two numbers in format: {source base} {target base} (To quit type /exit): > 2 8
Enter number in base 2 to convert to base 8 (To go back type /back): > 1100110001.11000
Conversion result: 1461.60000
Enter number in base 2 to convert to base 8 (To go back type /back): > /back
Enter two numbers in format: {source base} {target base} (To quit type /exit): > 2 11
Enter number in base 2 to convert to base 11 (To go back type /back): > 10000.00000
Conversion result: 15.00000
Enter number in base 2 to convert to base 11 (To go back type /back): > /back
Enter two numbers in format: {source base} {target base} (To quit type /exit): > 2 14
Enter number in base 2 to convert to base 14 (To go back type /back): > 1011110000.00000
Conversion result: 3ba.00000
Enter number in base 2 to convert to base 14 (To go back type /back): > /back
Enter two numbers in format: {source base} {target base} (To quit type /exit): > 2 17
Enter number in base 2 to convert to base 17 (To go back type /back): > 1110110.10000
Conversion result: 6g.88888
Enter number in base 2 to convert to base 17 (To go back type /back): > /back
Enter two numbers in format: {source base} {target base} (To quit type /exit): > 2 20
Enter number in base 2 to convert to base 20 (To go back type /back): > 101011001.11000
Conversion result: h5.f0000
Enter number in base 2 to convert to base 20 (To go back type /back): > /back
Enter two numbers in format: {source base} {target base} (To quit type /exit): > 2 23
Enter number in base 2 to convert to base 23 (To go back type /back): > 10001001.01000
Conversion result: 5m.5h5h5
Enter number in base 2 to convert to base 23 (To go back type /back): > /back
Enter two numbers in format: {source base} {target base} (To quit type /exit): > 2 26
Enter number in base 2 to convert to base 26 (To go back type /back): > 1110000.01000
Conversion result: 48.6d000
Enter number in base 2 to convert to base 26 (To go back type /back): > /back
Enter two numbers in format: {source base} {target base} (To quit type /exit): > 2 29
Enter number in base 2 to convert to base 29 (To go back type /back): > 110011010.01000
Conversion result: e4.77777
Enter number in base 2 to convert to base 29 (To go back type /back): > /back
Enter two numbers in format: {source base} {target base} (To quit type /exit): > 2 32
Enter number in base 2 to convert to base 32 (To go back type /back): > 101000100.01000
Conversion result: a4.80000
Enter number in base 2 to convert to base 32 (To go back type /back): > /back
Enter two numbers in format: {source base} {target base} (To quit type /exit): > 2 35
Enter number in base 2 to convert to base 35 (To go back type /back): > 1101100100.10000
Conversion result: os.hhhhh
Enter number in base 2 to convert to base 35 (To go back type /back): > /back
Enter two numbers in format: {source base} {target base} (To quit type /exit): > 5 2
Enter number in base 5 to convert to base 2 (To go back type /back): > 1222.42000
Conversion result: 10111011.11100
Enter number in base 5 to convert to base 2 (To go back type /back): > /back
Enter two numbers in format: {source base} {target base} (To quit type /exit): > 5 8
Enter number in base 5 to convert to base 8 (To go back type /back): > 4024.02310
Conversion result: 1002.06604
Enter number in base 5 to convert to base 8 (To go back type /back): > /back
Enter two numbers in format: {source base} {target base} (To quit type /exit): > 5 11
Enter number in base 5 to convert to base 11 (To go back type /back): > 12401.34202
Conversion result: 808.85a78
Enter number in base 5 to convert to base 11 (To go back type /back): > /back
Enter two numbers in format: {source base} {target base} (To quit type /exit): > 5 14
Enter number in base 5 to convert to base 14 (To go back type /back): > 10303.20022
Conversion result: 383.5921c
Enter number in base 5 to convert to base 14 (To go back type /back): > /back
Enter two numbers in format: {source base} {target base} (To quit type /exit): > 5 17
Enter number in base 5 to convert to base 17 (To go back type /back): > 10103.00212
Conversion result: 247.054a7
Enter number in base 5 to convert to base 17 (To go back type /back): > /back
Enter two numbers in format: {source base} {target base} (To quit type /exit): > 5 20
Enter number in base 5 to convert to base 20 (To go back type /back): > 12411.44413
Conversion result: 291.jhg9c
Enter number in base 5 to convert to base 20 (To go back type /back): > /back
Enter two numbers in format: {source base} {target base} (To quit type /exit): > 5 23
Enter number in base 5 to convert to base 23 (To go back type /back): > 2404.14322
Conversion result: f9.8l3jc
Enter number in base 5 to convert to base 23 (To go back type /back): > /back
Enter two numbers in format: {source base} {target base} (To quit type /exit): > 5 26
Enter number in base 5 to convert to base 26 (To go back type /back): > 1443.10204
Conversion result: 9e.5gmnj
Enter number in base 5 to convert to base 26 (To go back type /back): > /back
Enter two numbers in format: {source base} {target base} (To quit type /exit): > 5 29
Enter number in base 5 to convert to base 29 (To go back type /back): > 200.42242
Conversion result: 1l.q5d70
Enter number in base 5 to convert to base 29 (To go back type /back): > /back
Enter two numbers in format: {source base} {target base} (To quit type /exit): > 5 32
Enter number in base 5 to convert to base 32 (To go back type /back): > 11100.13043
Conversion result: o7.af6tq
Enter number in base 5 to convert to base 32 (To go back type /back): > /back
Enter two numbers in format: {source base} {target base} (To quit type /exit): > 5 35
Enter number in base 5 to convert to base 35 (To go back type /back): > 10140.20133
Conversion result: j5.egtxl
Enter number in base 5 to convert to base 35 (To go back type /back): > /back
Enter two numbers in format: {source base} {target base} (To quit type /exit): > 8 2
Enter number in base 8 to convert to base 2 (To go back type /back): > 1726.37740233
Conversion result: 1111010110.01111
Enter number in base 8 to convert to base 2 (To go back type /back): > /back
Enter two numbers in format: {source base} {target base} (To quit type /exit): > 8 5
Enter number in base 8 to convert to base 5 (To go back type /back): > 611.13342270
Conversion result: 3033.04213
Enter number in base 8 to convert to base 5 (To go back type /back): > /back
Enter two numbers in format: {source base} {target base} (To quit type /exit): > 8 11
Enter number in base 8 to convert to base 11 (To go back type /back): > 106.40054756
Conversion result: 64.55736
Enter number in base 8 to convert to base 11 (To go back type /back): > /back
Enter two numbers in format: {source base} {target base} (To quit type /exit): > 8 14
Enter number in base 8 to convert to base 14 (To go back type /back): > 1312.46162765
Conversion result: 390.850c3
Enter number in base 8 to convert to base 14 (To go back type /back): > /back
Enter two numbers in format: {source base} {target base} (To quit type /exit): > 8 17
Enter number in base 8 to convert to base 17 (To go back type /back): > 345.06260112
Conversion result: d8.1bb00
Enter number in base 8 to convert to base 17 (To go back type /back): > /back
Enter two numbers in format: {source base} {target base} (To quit type /exit): > 8 20
Enter number in base 8 to convert to base 20 (To go back type /back): > 50.26450723
Conversion result: 20.7129f
Enter number in base 8 to convert to base 20 (To go back type /back): > /back
Enter two numbers in format: {source base} {target base} (To quit type /exit): > 8 23
Enter number in base 8 to convert to base 23 (To go back type /back): > 171.45745427
Conversion result: 56.def7f
Enter number in base 8 to convert to base 23 (To go back type /back): > /back
Enter two numbers in format: {source base} {target base} (To quit type /exit): > 8 26
Enter number in base 8 to convert to base 26 (To go back type /back): > 377.06763461
Conversion result: 9l.2lhik
Enter number in base 8 to convert to base 26 (To go back type /back): > /back
Enter two numbers in format: {source base} {target base} (To quit type /exit): > 8 29
Enter number in base 8 to convert to base 29 (To go back type /back): > 1032.34756266
Conversion result: ig.d3i3p
Enter number in base 8 to convert to base 29 (To go back type /back): > /back
Enter two numbers in format: {source base} {target base} (To quit type /exit): > 8 32
Enter number in base 8 to convert to base 32 (To go back type /back): > 1463.02772036
Conversion result: pj.1fq1u
Enter number in base 8 to convert to base 32 (To go back type /back): > /back
Enter two numbers in format: {source base} {target base} (To quit type /exit): > 8 35
Enter number in base 8 to convert to base 35 (To go back type /back): > 501.22452421
Conversion result: 96.a5o7b
Enter number in base 8 to convert to base 35 (To go back type /back): > /back
Enter two numbers in format: {source base} {target base} (To quit type /exit): > 11 2
Enter number in base 11 to convert to base 2 (To go back type /back): > 245.383445a1635
Conversion result: 100100011.01010
Enter number in base 11 to convert to base 2 (To go back type /back): > /back
Enter two numbers in format: {source base} {target base} (To quit type /exit): > 11 5
Enter number in base 11 to convert to base 5 (To go back type /back): > 328.8679645a144
Conversion result: 3033.34241
Enter number in base 11 to convert to base 5 (To go back type /back): > /back
Enter two numbers in format: {source base} {target base} (To quit type /exit): > 11 8
Enter number in base 11 to convert to base 8 (To go back type /back): > 658.0511409a522
Conversion result: 1425.02545
Enter number in base 11 to convert to base 8 (To go back type /back): > /back
Enter two numbers in format: {source base} {target base} (To quit type /exit): > 11 14
Enter number in base 11 to convert to base 14 (To go back type /back): > 138.692791244a6
Conversion result: b8.89c5b
Enter number in base 11 to convert to base 14 (To go back type /back): > /back
Enter two numbers in format: {source base} {target base} (To quit type /exit): > 11 17
Enter number in base 11 to convert to base 17 (To go back type /back): > 493.3550685624a
Conversion result: 208.56ea0
Enter number in base 11 to convert to base 17 (To go back type /back): > /back
Enter two numbers in format: {source base} {target base} (To quit type /exit): > 11 20
Enter number in base 11 to convert to base 20 (To go back type /back): > 448.1738a314869
Conversion result: 16g.30cji
Enter number in base 11 to convert to base 20 (To go back type /back): > /back
Enter two numbers in format: {source base} {target base} (To quit type /exit): > 11 23
Enter number in base 11 to convert to base 23 (To go back type /back): > 197.a1887018a13
Conversion result: 9k.l5hhf
Enter number in base 11 to convert to base 23 (To go back type /back): > /back
Enter two numbers in format: {source base} {target base} (To quit type /exit): > 11 26
Enter number in base 11 to convert to base 26 (To go back type /back): > 514.aa4862a0106
Conversion result: nm.pmlm4
Enter number in base 11 to convert to base 26 (To go back type /back): > /back
Enter two numbers in format: {source base} {target base} (To quit type /exit): > 11 29
Enter number in base 11 to convert to base 29 (To go back type /back): > 293.1a52887a173
Conversion result: bp.5482a
Enter number in base 11 to convert to base 29 (To go back type /back): > /back
Enter two numbers in format: {source base} {target base} (To quit type /exit): > 11 32
Enter number in base 11 to convert to base 32 (To go back type /back): > 6a1.0a228657a01
Conversion result: q5.2mbhu
Enter number in base 11 to convert to base 32 (To go back type /back): > /back
Enter two numbers in format: {source base} {target base} (To quit type /exit): > 11 35
Enter number in base 11 to convert to base 35 (To go back type /back): > 64a.9102487523a
Conversion result: ma.swl0h
Enter number in base 11 to convert to base 35 (To go back type /back): > /back
Enter two numbers in format: {source base} {target base} (To quit type /exit): > 14 2
Enter number in base 14 to convert to base 2 (To go back type /back): > 35d.23d3d491a78c23
Conversion result: 1010011111.00101
Enter number in base 14 to convert to base 2 (To go back type /back): > /back
Enter two numbers in format: {source base} {target base} (To quit type /exit): > 14 5
Enter number in base 14 to convert to base 5 (To go back type /back): > 6a.0d900a623c0ba3
Conversion result: 334.01332
Enter number in base 14 to convert to base 5 (To go back type /back): > /back
Enter two numbers in format: {source base} {target base} (To quit type /exit): > 14 8
Enter number in base 14 to convert to base 8 (To go back type /back): > b1.2c560bdcd162b0
Conversion result: 233.15140
Enter number in base 14 to convert to base 8 (To go back type /back): > /back
Enter two numbers in format: {source base} {target base} (To quit type /exit): > 14 11
Enter number in base 14 to convert to base 11 (To go back type /back): > 110.50a02326020029
Conversion result: 181.3a723
Enter number in base 14 to convert to base 11 (To go back type /back): > /back
Enter two numbers in format: {source base} {target base} (To quit type /exit): > 14 17
Enter number in base 14 to convert to base 17 (To go back type /back): > 3c9.6024d7a646d1ad
Conversion result: 2b0.751d6
Enter number in base 14 to convert to base 17 (To go back type /back): > /back
Enter two numbers in format: {source base} {target base} (To quit type /exit): > 14 20
Enter number in base 14 to convert to base 20 (To go back type /back): > 2d2.3d453bcb3c2a01
Conversion result: 18g.5chd4
Enter number in base 14 to convert to base 20 (To go back type /back): > /back
Enter two numbers in format: {source base} {target base} (To quit type /exit): > 14 23
Enter number in base 14 to convert to base 23 (To go back type /back): > 36a.50aa48a3a79746
Conversion result: 16f.86mm6
Enter number in base 14 to convert to base 23 (To go back type /back): > /back
Enter two numbers in format: {source base} {target base} (To quit type /exit): > 14 26
Enter number in base 14 to convert to base 26 (To go back type /back): > 60.c03875b7a23b58
Conversion result: 36.m886j
Enter number in base 14 to convert to base 26 (To go back type /back): > /back
Enter two numbers in format: {source base} {target base} (To quit type /exit): > 14 29
Enter number in base 14 to convert to base 29 (To go back type /back): > 3d7.85065bdc813845
Conversion result: qn.h94ni
Enter number in base 14 to convert to base 29 (To go back type /back): > /back
Enter two numbers in format: {source base} {target base} (To quit type /exit): > 14 32
Enter number in base 14 to convert to base 32 (To go back type /back): > 126.c0a6a203c02b19
Conversion result: 76.rhk09
Enter number in base 14 to convert to base 32 (To go back type /back): > /back
Enter two numbers in format: {source base} {target base} (To quit type /exit): > 14 35
Enter number in base 14 to convert to base 35 (To go back type /back): > 138.cc94b453b80c43
Conversion result: 71.w95yi
Enter number in base 14 to convert to base 35 (To go back type /back): > /back
Enter two numbers in format: {source base} {target base} (To quit type /exit): > 17 2
Enter number in base 17 to convert to base 2 (To go back type /back): > 61.51895a5bbf72bgg9f
Conversion result: 1100111.01001
Enter number in base 17 to convert to base 2 (To go back type /back): > /back
Enter two numbers in format: {source base} {target base} (To quit type /exit): > 17 5
Enter number in base 17 to convert to base 5 (To go back type /back): > 25e.a0d7b3dgfg48gg73d
Conversion result: 10202.24341
Enter number in base 17 to convert to base 5 (To go back type /back): > /back
Enter two numbers in format: {source base} {target base} (To quit type /exit): > 17 8
Enter number in base 17 to convert to base 8 (To go back type /back): > 1g0.b515655d738162f74
Conversion result: 1061.52422
Enter number in base 17 to convert to base 8 (To go back type /back): > /back
Enter two numbers in format: {source base} {target base} (To quit type /exit): > 17 11
Enter number in base 17 to convert to base 11 (To go back type /back): > 10f.g5c154476907g534g
Conversion result: 257.a6300
Enter number in base 17 to convert to base 11 (To go back type /back): > /back
Enter two numbers in format: {source base} {target base} (To quit type /exit): > 17 14
Enter number in base 17 to convert to base 14 (To go back type /back): > 2dd.e0bga1c526f986d7a
Conversion result: 420.b7c64
Enter number in base 17 to convert to base 14 (To go back type /back): > /back
Enter two numbers in format: {source base} {target base} (To quit type /exit): > 17 20
Enter number in base 17 to convert to base 20 (To go back type /back): > 259.9c6ba5g6598e3be7a
Conversion result: 1dc.b8i72
Enter number in base 17 to convert to base 20 (To go back type /back): > /back
Enter two numbers in format: {source base} {target base} (To quit type /exit): > 17 23
Enter number in base 17 to convert to base 23 (To go back type /back): > 9f.1b9dd91bc4a0c918d
Conversion result: 77.2672c
Enter number in base 17 to convert to base 23 (To go back type /back): > /back
Enter two numbers in format: {source base} {target base} (To quit type /exit): > 17 26
Enter number in base 17 to convert to base 26 (To go back type /back): > g4.998gf8ge7f8f94f8g
Conversion result: ag.eg4c7
Enter number in base 17 to convert to base 26 (To go back type /back): > /back
Enter two numbers in format: {source base} {target base} (To quit type /exit): > 17 29
Enter number in base 17 to convert to base 29 (To go back type /back): > 6f.08f0e6e5241da65cd
Conversion result: 41.0poo6
Enter number in base 17 to convert to base 29 (To go back type /back): > /back
Enter two numbers in format: {source base} {target base} (To quit type /exit): > 17 32
Enter number in base 17 to convert to base 32 (To go back type /back): > 36b.fg472e8g07bff1gg5
Conversion result: uk.u14if
Enter number in base 17 to convert to base 32 (To go back type /back): > /back
Enter two numbers in format: {source base} {target base} (To quit type /exit): > 17 35
Enter number in base 17 to convert to base 35 (To go back type /back): > ef.6dc39910ca041261b
Conversion result: 78.e0hix
Enter number in base 17 to convert to base 35 (To go back type /back): > /back
Enter two numbers in format: {source base} {target base} (To quit type /exit): > /exit
?[1;31m
Start test 7?[0m
Enter two numbers in format: {source base} {target base} (To quit type /exit): > 19 2
Enter number in base 19 to convert to base 2 (To go back type /back): > 2c6.a43h95374e1e9gh2h94
Conversion result: 1110111100.10001
Enter number in base 19 to convert to base 2 (To go back type /back): > /back
Enter two numbers in format: {source base} {target base} (To quit type /exit): > 19 5
Enter number in base 19 to convert to base 5 (To go back type /back): > 20f.2g7666hgf5d9e7056eb
Conversion result: 10422.03340
Enter number in base 19 to convert to base 5 (To go back type /back): > /back
Enter two numbers in format: {source base} {target base} (To quit type /exit): > 19 8
Enter number in base 19 to convert to base 8 (To go back type /back): > 28b.3dag93c429g9h7if992
Conversion result: 1565.14405
Enter number in base 19 to convert to base 8 (To go back type /back): > /back
Enter two numbers in format: {source base} {target base} (To quit type /exit): > 19 11
Enter number in base 19 to convert to base 11 (To go back type /back): > 80.fc93a590df26a707c9d
Conversion result: 129.9078a
Enter number in base 19 to convert to base 11 (To go back type /back): > /back
Enter two numbers in format: {source base} {target base} (To quit type /exit): > 19 14
Enter number in base 19 to convert to base 14 (To go back type /back): > 250.a0b98i0e3g257436d97
Conversion result: 425.756b4
Enter number in base 19 to convert to base 14 (To go back type /back): > /back
Enter two numbers in format: {source base} {target base} (To quit type /exit): > 19 17
Enter number in base 19 to convert to base 17 (To go back type /back): > 22a.0f1a766icie6cf4g3eh
Conversion result: 2b5.0c143
Enter number in base 19 to convert to base 17 (To go back type /back): > /back
Enter two numbers in format: {source base} {target base} (To quit type /exit): > 19 20
Enter number in base 19 to convert to base 20 (To go back type /back): > 23g.c6di2fdcf5gg863c4ic
Conversion result: 1jf.d01h8
Enter number in base 19 to convert to base 20 (To go back type /back): > /back
Enter two numbers in format: {source base} {target base} (To quit type /exit): > 19 23
Enter number in base 19 to convert to base 23 (To go back type /back): > 18d.1cfh1h0i7e3ab2e26hh
Conversion result: mk.20f09
Enter number in base 19 to convert to base 23 (To go back type /back): > /back
Enter two numbers in format: {source base} {target base} (To quit type /exit): > 19 26
Enter number in base 19 to convert to base 26 (To go back type /back): > 158.375492b19h9dg6ede75
Conversion result: hm.4g9a1
Enter number in base 19 to convert to base 26 (To go back type /back): > /back
Enter two numbers in format: {source base} {target base} (To quit type /exit): > 19 29
Enter number in base 19 to convert to base 29 (To go back type /back): > 2b1.2186d50idcei3d12hc3
Conversion result: 134.34pf5
Enter number in base 19 to convert to base 29 (To go back type /back): > /back
Enter two numbers in format: {source base} {target base} (To quit type /exit): > 19 32
Enter number in base 19 to convert to base 32 (To go back type /back): > 210.29id34b2g3h1g31g25f
Conversion result: n5.483g2
Enter number in base 19 to convert to base 32 (To go back type /back): > /back
Enter two numbers in format: {source base} {target base} (To quit type /exit): > 19 35
Enter number in base 19 to convert to base 35 (To go back type /back): > id.g142id6d2h8gga6189h
Conversion result: a5.tkp0j
Enter number in base 19 to convert to base 35 (To go back type /back): > /back
Enter two numbers in format: {source base} {target base} (To quit type /exit): > 22 2
Enter number in base 22 to convert to base 2 (To go back type /back): > 219.f536i37cdhj0dg5ik17j48
Conversion result: 1111100111.10110
Enter number in base 22 to convert to base 2 (To go back type /back): > /back
Enter two numbers in format: {source base} {target base} (To quit type /exit): > 22 5
Enter number in base 22 to convert to base 5 (To go back type /back): > g1.1f83ad32lj1g124kikgc78
Conversion result: 2403.01431
Enter number in base 22 to convert to base 5 (To go back type /back): > /back
Enter two numbers in format: {source base} {target base} (To quit type /exit): > 22 8
Enter number in base 22 to convert to base 8 (To go back type /back): > 203.fbjhij6c5fc87ic0lfeecf
Conversion result: 1713.55153
Enter number in base 22 to convert to base 8 (To go back type /back): > /back
Enter two numbers in format: {source base} {target base} (To quit type /exit): > 22 11
Enter number in base 22 to convert to base 11 (To go back type /back): > 1ek.jfkg2jc49j6hg195gabb9a
Conversion result: 679.99538
Enter number in base 22 to convert to base 11 (To go back type /back): > /back
Enter two numbers in format: {source base} {target base} (To quit type /exit): > 22 14
Enter number in base 22 to convert to base 14 (To go back type /back): > 1g3.ig143kj025l3j2d77kfjcf
Conversion result: 43d.bcc17
Enter number in base 22 to convert to base 14 (To go back type /back): > /back
Enter two numbers in format: {source base} {target base} (To quit type /exit): > 22 17
Enter number in base 22 to convert to base 17 (To go back type /back): > 1kj.ij4h894j2j5h0a6c9087b7
Conversion result: 348.e9fda
Enter number in base 22 to convert to base 17 (To go back type /back): > /back
Enter two numbers in format: {source base} {target base} (To quit type /exit): > 22 20
Enter number in base 22 to convert to base 20 (To go back type /back): > 1c1.18b987d0a60bk4fj9l3130
Conversion result: 1h9.15490
Enter number in base 22 to convert to base 20 (To go back type /back): > /back
Enter two numbers in format: {source base} {target base} (To quit type /exit): > 22 23
Enter number in base 22 to convert to base 23 (To go back type /back): > 176.65kf2h533h24kccb1h6ad2
Conversion result: 150.6chdl
Enter number in base 22 to convert to base 23 (To go back type /back): > /back
Enter two numbers in format: {source base} {target base} (To quit type /exit): > 22 26
Enter number in base 22 to convert to base 26 (To go back type /back): > 5f.h8g39g20ge4ekad946fie6
Conversion result: 4l.keegc
Enter number in base 22 to convert to base 26 (To go back type /back): > /back
Enter two numbers in format: {source base} {target base} (To quit type /exit): > 22 29
Enter number in base 22 to convert to base 29 (To go back type /back): > ah.6gej5ee0l257i3g6bbei38
Conversion result: 85.8q9p1
Enter number in base 22 to convert to base 29 (To go back type /back): > /back
Enter two numbers in format: {source base} {target base} (To quit type /exit): > 22 32
Enter number in base 22 to convert to base 32 (To go back type /back): > 13c.0bjk3gdi4k0e20g95k999i
Conversion result: hi.0p60l
Enter number in base 22 to convert to base 32 (To go back type /back): > /back
Enter two numbers in format: {source base} {target base} (To quit type /exit): > 22 35
Enter number in base 22 to convert to base 35 (To go back type /back): > 7e.03kji1g3f6bgef3c27gc3g
Conversion result: 4s.09yvs
Enter number in base 22 to convert to base 35 (To go back type /back): > /back
Enter two numbers in format: {source base} {target base} (To quit type /exit): > 25 2
Enter number in base 25 to convert to base 2 (To go back type /back): > in.0n48j3ajo3ki0fk26kn7g18h8
Conversion result: 111011001.00001
Enter number in base 25 to convert to base 2 (To go back type /back): > /back
Enter two numbers in format: {source base} {target base} (To quit type /exit): > 25 5
Enter number in base 25 to convert to base 5 (To go back type /back): > 1m.1nfnij6hehaj5d4360gci9nkk
Conversion result: 142.01433
Enter number in base 25 to convert to base 5 (To go back type /back): > /back
Enter two numbers in format: {source base} {target base} (To quit type /exit): > 25 8
Enter number in base 25 to convert to base 8 (To go back type /back): > km.3ag9o3l1e3biafn13ajde13dl
Conversion result: 1012.10612
Enter number in base 25 to convert to base 8 (To go back type /back): > /back
Enter two numbers in format: {source base} {target base} (To quit type /exit): > 25 11
Enter number in base 25 to convert to base 11 (To go back type /back): > il.n5e7d1075o5i4k33fe0j54dhd
Conversion result: 399.a2442
Enter number in base 25 to convert to base 11 (To go back type /back): > /back
Enter two numbers in format: {source base} {target base} (To quit type /exit): > 25 14
Enter number in base 25 to convert to base 14 (To go back type /back): > 11o.2lnoohgk5gmfmdilek7l69257
Conversion result: 362.187d0
Enter number in base 25 to convert to base 14 (To go back type /back): > /back
Enter two numbers in format: {source base} {target base} (To quit type /exit): > 25 17
Enter number in base 25 to convert to base 17 (To go back type /back): > 168.ab3eboi95873479b24joao5n3
Conversion result: 2c1.71cd8
Enter number in base 25 to convert to base 17 (To go back type /back): > /back
Enter two numbers in format: {source base} {target base} (To quit type /exit): > 25 20
Enter number in base 25 to convert to base 20 (To go back type /back): > c9.0df49lj67o438641e293ca9e8
Conversion result: f9.08e38
Enter number in base 25 to convert to base 20 (To go back type /back): > /back
Enter two numbers in format: {source base} {target base} (To quit type /exit): > 25 23
Enter number in base 25 to convert to base 23 (To go back type /back): > 1cn.n3b9a2ola8l9obanhckhbia13
Conversion result: 1i5.l6dkh
Enter number in base 25 to convert to base 23 (To go back type /back): > /back
Enter two numbers in format: {source base} {target base} (To quit type /exit): > 25 26
Enter number in base 25 to convert to base 26 (To go back type /back): > n4.6i389d70c721n55de702a14m3
Conversion result: m7.6pm4i
Enter number in base 25 to convert to base 26 (To go back type /back): > /back
Enter two numbers in format: {source base} {target base} (To quit type /exit): > 25 29
Enter number in base 25 to convert to base 29 (To go back type /back): > 9.3bf9ojak3bekobm30be45603l
Conversion result: 9.40frq
Enter number in base 25 to convert to base 29 (To go back type /back): > /back
Enter two numbers in format: {source base} {target base} (To quit type /exit): > 25 32
Enter number in base 25 to convert to base 32 (To go back type /back): > dg.564cinng865dfeioljo90ln25
Conversion result: al.6mtk9
Enter number in base 25 to convert to base 32 (To go back type /back): > /back
Enter two numbers in format: {source base} {target base} (To quit type /exit): > 25 35
Enter number in base 25 to convert to base 35 (To go back type /back): > 1ao.a4hlei8d1bdf08fo1cok7e5a3
Conversion result: po.e98ef
Enter number in base 25 to convert to base 35 (To go back type /back): > /back
Enter two numbers in format: {source base} {target base} (To quit type /exit): > 28 2
Enter number in base 28 to convert to base 2 (To go back type /back): > li.7nlorikjoambo8qi7ni4ppc0oe
Conversion result: 1001011110.01000
Enter number in base 28 to convert to base 2 (To go back type /back): > /back
Enter two numbers in format: {source base} {target base} (To quit type /exit): > 28 5
Enter number in base 28 to convert to base 5 (To go back type /back): > 13q.q0bbbe279fhog76kk9pjlq0oe
Conversion result: 12034.43103
Enter number in base 28 to convert to base 5 (To go back type /back): > /back
Enter two numbers in format: {source base} {target base} (To quit type /exit): > 28 8
Enter number in base 28 to convert to base 8 (To go back type /back): > 6q.g79cqa26q3crb49mp105ncpae
Conversion result: 302.45127
Enter number in base 28 to convert to base 8 (To go back type /back): > /back
Enter two numbers in format: {source base} {target base} (To quit type /exit): > 28 11
Enter number in base 28 to convert to base 11 (To go back type /back): > ln.edda9jrdg8p51ple7agc988l
Conversion result: 506.57642
Enter number in base 28 to convert to base 11 (To go back type /back): > /back
Enter two numbers in format: {source base} {target base} (To quit type /exit): > 28 14
Enter number in base 28 to convert to base 14 (To go back type /back): > 150.kin0rolj4haa8e0gd4roa4ml
Conversion result: 4a0.a49c4
Enter number in base 28 to convert to base 14 (To go back type /back): > /back
Enter two numbers in format: {source base} {target base} (To quit type /exit): > 28 17
Enter number in base 28 to convert to base 17 (To go back type /back): > q1.bqi651kjqf6ocl3d1acgra063e
Conversion result: 28f.7461g
Enter number in base 28 to convert to base 17 (To go back type /back): > /back
Enter two numbers in format: {source base} {target base} (To quit type /exit): > 28 20
Enter number in base 28 to convert to base 20 (To go back type /back): > c.fkdao3lqj1c6ecokkfccncpae
Conversion result: c.b4eda
Enter number in base 28 to convert to base 20 (To go back type /back): > /back
Enter two numbers in format: {source base} {target base} (To quit type /exit): > 28 23
Enter number in base 28 to convert to base 23 (To go back type /back): > ja.9nkin4ngr6lr2d3bekj9rkk9he
Conversion result: 10d.82150
Enter number in base 28 to convert to base 23 (To go back type /back): > /back
Enter two numbers in format: {source base} {target base} (To quit type /exit): > 28 26
Enter number in base 28 to convert to base 26 (To go back type /back): > ec.plm880l7j03rg77grcdao9bae
Conversion result: fe.no9cl
Enter number in base 28 to convert to base 26 (To go back type /back): > /back
Enter two numbers in format: {source base} {target base} (To quit type /exit): > 28 29
Enter number in base 28 to convert to base 29 (To go back type /back): > i0.h45mhj7amkpklb51325mkmhq7
Conversion result: hb.hm3ec
Enter number in base 28 to convert to base 29 (To go back type /back): > /back
Enter two numbers in format: {source base} {target base} (To quit type /exit): > 28 32
Enter number in base 28 to convert to base 32 (To go back type /back): > 9r.ghqk3limdhjrmf79pbhp9f5j7
Conversion result: 8n.j0ivg
Enter number in base 28 to convert to base 32 (To go back type /back): > /back
Enter two numbers in format: {source base} {target base} (To quit type /exit): > 28 35
Enter number in base 28 to convert to base 35 (To go back type /back): > i2.pa4hiq9dmg658m059l70812he
Conversion result: eg.vom5t
Enter number in base 28 to convert to base 35 (To go back type /back): > /back
Enter two numbers in format: {source base} {target base} (To quit type /exit): > 31 2
Enter number in base 31 to convert to base 2 (To go back type /back): > od.4nn6ptlg9g7m7dsngh14gie17g7hap4
Conversion result: 1011110101.00100
Enter number in base 31 to convert to base 2 (To go back type /back): > /back
Enter two numbers in format: {source base} {target base} (To quit type /exit): > 31 5
Enter number in base 31 to convert to base 5 (To go back type /back): > 5j.qlarshfnop086t0ce2ois5o038bpd1m
Conversion result: 1144.41230
Enter number in base 31 to convert to base 5 (To go back type /back): > /back
Enter two numbers in format: {source base} {target base} (To quit type /exit): > 31 8
Enter number in base 31 to convert to base 8 (To go back type /back): > e3.fr8agc8ajd4t26dn2tloom88us7sefu
Conversion result: 665.40621
Enter number in base 31 to convert to base 8 (To go back type /back): > /back
Enter two numbers in format: {source base} {target base} (To quit type /exit): > 31 11
Enter number in base 31 to convert to base 11 (To go back type /back): > q4.cqqgaitul26m7h9nj8fhkt5ass0sfln
Conversion result: 677.46247
Enter number in base 31 to convert to base 11 (To go back type /back): > /back
Enter two numbers in format: {source base} {target base} (To quit type /exit): > 31 14
Enter number in base 31 to convert to base 14 (To go back type /back): > gd.q5846302he3355cfcp3u07dqmtu1513
Conversion result: 285.bb663
Enter number in base 31 to convert to base 14 (To go back type /back): > /back
Enter two numbers in format: {source base} {target base} (To quit type /exit): > 31 17
Enter number in base 31 to convert to base 17 (To go back type /back): > 8b.i03lifg0geug0ugtaj8ame41skihaus
Conversion result: f4.9ee57
Enter number in base 31 to convert to base 17 (To go back type /back): > /back
Enter two numbers in format: {source base} {target base} (To quit type /exit): > 31 20
Enter number in base 31 to convert to base 20 (To go back type /back): > 22.p59p4ibmblouit32jietcmffopa0t8n
Conversion result: 34.g4fh8
Enter number in base 31 to convert to base 20 (To go back type /back): > /back
Enter two numbers in format: {source base} {target base} (To quit type /exit): > 31 23
Enter number in base 31 to convert to base 23 (To go back type /back): > g1.8132nqlcrobjcqtbrjf9l1bush8uh24
Conversion result: le.5m2i5
Enter number in base 31 to convert to base 23 (To go back type /back): > /back
Enter two numbers in format: {source base} {target base} (To quit type /exit): > 31 26
Enter number in base 31 to convert to base 26 (To go back type /back): > lu.a05bledqr9ktt9at8t689bojqcfijj8
Conversion result: 105.8a4m2
Enter number in base 31 to convert to base 26 (To go back type /back): > /back
Enter two numbers in format: {source base} {target base} (To quit type /exit): > 31 29
Enter number in base 31 to convert to base 29 (To go back type /back): > q6.heql73qg88dpsk5darboed07uuro0jg
Conversion result: s0.ga5m3
Enter number in base 31 to convert to base 29 (To go back type /back): > /back
Enter two numbers in format: {source base} {target base} (To quit type /exit): > 31 32
Enter number in base 31 to convert to base 32 (To go back type /back): > 70.5npee4c0pp5o6brdr591mtda608clh3
Conversion result: 6p.5uhdc
Enter number in base 31 to convert to base 32 (To go back type /back): > /back
Enter two numbers in format: {source base} {target base} (To quit type /exit): > 31 35
Enter number in base 31 to convert to base 35 (To go back type /back): > 7t.42tcbh9uatiautp8t20i42oc3s39etc
Conversion result: 71.4lsry
Enter number in base 31 to convert to base 35 (To go back type /back): > /back
Enter two numbers in format: {source base} {target base} (To quit type /exit): > 34 2
Enter number in base 34 to convert to base 2 (To go back type /back): > ok.q8r8x30j7vjunsgs97elxujomcmoa2iapf
Conversion result: 1101000100.11000
[...]
Enter two numbers in format: {source base} {target base} (To quit type /exit): > 19 29
Enter number in base 19 to convert to base 29 (To go back type /back): > 38a14di0hach.99999999999999999999999999
Conversion result: rk40po8brb.eeeee
Enter number in base 19 to convert to base 29 (To go back type /back): > /back
Enter two numbers in format: {source base} {target base} (To quit type /exit): > 19 32
Enter number in base 19 to convert to base 32 (To go back type /back): > 1e77138dgbe.60bdh8429ffa1cg4i95ag7f98
Conversion result: 9phuvp3ov.a53qs
Enter number in base 19 to convert to base 32 (To go back type /back): > /back
Enter two numbers in format: {source base} {target base} (To quit type /exit): > 19 35
Enter number in base 19 to convert to base 35 (To go back type /back): > c3h3fa6255.a6adeh3gfcc4b8ed0bchbaeh
Conversion result: 1q7jaecm3.j20fa
Enter number in base 19 to convert to base 35 (To go back type /back): > /back
Enter two numbers in format: {source base} {target base} (To quit type /exit): > 22 2
Enter number in base 22 to convert to base 2 (To go back type /back): > 528513d0gch.c248hd48hd49dj231eh4idhakc
Conversion result: 11110110110001100100101100111011001101100001001.10001
Enter number in base 22 to convert to base 2 (To go back type /back): > /back
Enter two numbers in format: {source base} {target base} (To quit type /exit): > 22 5
Enter number in base 22 to convert to base 5 (To go back type /back): > hg7h1ab190f.if8hd48hd48h419ka3d8cf25bf
Conversion result: 443232122424044131122.41111
Enter number in base 22 to convert to base 5 (To go back type /back): > /back
Enter two numbers in format: {source base} {target base} (To quit type /exit): > 22 8
Enter number in base 22 to convert to base 8 (To go back type /back): > 2g3k837l9k3.f3l2e1gfiac6j4lccj0l0eib0
Conversion result: 2041160426123307.54121
Enter number in base 22 to convert to base 8 (To go back type /back): > /back
Enter two numbers in format: {source base} {target base} (To quit type /exit): > 22 11
Enter number in base 22 to convert to base 11 (To go back type /back): > 74jc1k60ek1.jhd48hd48hd4hkc1bi8d96jga6
Conversion result: 56135a71a85471.99999
Enter number in base 22 to convert to base 11 (To go back type /back): > /back
Enter two numbers in format: {source base} {target base} (To quit type /exit): > 22 14
Enter number in base 22 to convert to base 14 (To go back type /back): > adfj56386fe.if8hd48hd48h419ka3d8cf25bf
Conversion result: 4d96bcdac5052.bc858
Enter number in base 22 to convert to base 14 (To go back type /back): > /back
Enter two numbers in format: {source base} {target base} (To quit type /exit): > 22 17
Enter number in base 22 to convert to base 17 (To go back type /back): > e63d4kc986k.d48hd48hd48h419ka3d8cf25bf
Conversion result: b1253069a872.a36da
Enter number in base 22 to convert to base 17 (To go back type /back): > /back
Enter two numbers in format: {source base} {target base} (To quit type /exit): > 22 20
Enter number in base 22 to convert to base 20 (To go back type /back): > bag089ijj4j.36d48hd48hd46b7ldbjie3h189
Conversion result: 19fi7g9biff3.30000
Enter number in base 22 to convert to base 20 (To go back type /back): > /back
Enter two numbers in format: {source base} {target base} (To quit type /exit): > 22 23
Enter number in base 22 to convert to base 23 (To go back type /back): > hfbi2i9kdh3.36d48hd48hd46b7ldbjie3h189
Conversion result: b825e2g2g2d.3a813
Enter number in base 22 to convert to base 23 (To go back type /back): > /back
Enter two numbers in format: {source base} {target base} (To quit type /exit): > 22 26
Enter number in base 22 to convert to base 26 (To go back type /back): > al599b3j56h.d48hd48hd48h419ka3d8cf25bf
Conversion result: 21gi0o530kh.fffff
Enter number in base 22 to convert to base 26 (To go back type /back): > /back
Enter two numbers in format: {source base} {target base} (To quit type /exit): > 22 29
Enter number in base 22 to convert to base 29 (To go back type /back): > hh2g7ggid7f.8hd48hd48hd4hkc1bi8d96jga6
Conversion result: 13fqk25iri2.bhbhb
Enter number in base 22 to convert to base 29 (To go back type /back): > /back
Enter two numbers in format: {source base} {target base} (To quit type /exit): > 22 32
Enter number in base 22 to convert to base 32 (To go back type /back): > g9i87h5l82h.f8hd48hd48hc82jik74h384b19
Conversion result: cd9g7l77a5.mcpj6
Enter number in base 22 to convert to base 32 (To go back type /back): > /back
Enter two numbers in format: {source base} {target base} (To quit type /exit): > 22 35
Enter number in base 22 to convert to base 35 (To go back type /back): > c6a5e455e0.bj7k563b9el322hejddj3e42f
Conversion result: 6knxbvn85.ivhhh
Enter number in base 22 to convert to base 35 (To go back type /back): > /back
Enter two numbers in format: {source base} {target base} (To quit type /exit): > 25 2
Enter number in base 25 to convert to base 2 (To go back type /back): > 30i5mf2228f.f0000
Conversion result: 1000001101011110101000010100111011010001011001100.10011
Enter number in base 25 to convert to base 2 (To go back type /back): > /back
Enter two numbers in format: {source base} {target base} (To quit type /exit): > 25 5
Enter number in base 25 to convert to base 5 (To go back type /back): > 37hnf3kom07.niiiiiiiiiiiiiiiiiiiiiiiii
Conversion result: 312324330034044420012.43333
Enter number in base 25 to convert to base 5 (To go back type /back): > /back
Enter two numbers in format: {source base} {target base} (To quit type /exit): > 25 8
Enter number in base 25 to convert to base 8 (To go back type /back): > 44ajkmgfjf9.16666666666666666666666666
Conversion result: 13245100406671461.03146
Enter number in base 25 to convert to base 8 (To go back type /back): > /back
Enter two numbers in format: {source base} {target base} (To quit type /exit): > 25 11
Enter number in base 25 to convert to base 11 (To go back type /back): > 4o7l9jnc8de.a0000
Conversion result: 128113069808359.44444
Enter number in base 25 to convert to base 11 (To go back type /back): > /back
Enter two numbers in format: {source base} {target base} (To quit type /exit): > 25 14
Enter number in base 25 to convert to base 14 (To go back type /back): > 48c6l04cnfk.cccccccccccccccccccccccccc
Conversion result: 742ad16b8b589.70000
Enter number in base 25 to convert to base 14 (To go back type /back): > /back
Enter two numbers in format: {source base} {target base} (To quit type /exit): > 25 17
Enter number in base 25 to convert to base 17 (To go back type /back): > 4ao3agn2d3a.iiiiiiiiiiiiiiiiiiiiiiiiii
Conversion result: c5g893g464b8.ccccc
Enter number in base 25 to convert to base 17 (To go back type /back): > /back
Enter two numbers in format: {source base} {target base} (To quit type /exit): > 25 20
Enter number in base 25 to convert to base 20 (To go back type /back): > 3m1eia6h4nc.50000
Conversion result: 1g33c021e782.40000
Enter number in base 25 to convert to base 20 (To go back type /back): > /back
Enter two numbers in format: {source base} {target base} (To quit type /exit): > 25 23
Enter number in base 25 to convert to base 23 (To go back type /back): > 52bj4h3nae3.7ccccccccccccccccccccccccc
Conversion result: bgm8d96cmk6.6kg26
Enter number in base 25 to convert to base 23 (To go back type /back): > /back
Enter two numbers in format: {source base} {target base} (To quit type /exit): > 25 26
Enter number in base 25 to convert to base 26 (To go back type /back): > 553368o060i.cccccccccccccccccccccccccc
Conversion result: 3db0kdcjdjk.d0000
Enter number in base 25 to convert to base 26 (To go back type /back): > /back
Enter two numbers in format: {source base} {target base} (To quit type /exit): > 25 29
Enter number in base 25 to convert to base 29 (To go back type /back): > gkd4nofne2.40000
Conversion result: 4c7pf381cr.4ig6r
Enter number in base 25 to convert to base 29 (To go back type /back): > /back
Enter two numbers in format: {source base} {target base} (To quit type /exit): > 25 32
Enter number in base 25 to convert to base 32 (To go back type /back): > 22526mk69mf.jccccccccccccccccccccccccc
Conversion result: 5l3oj0lrff.oun18
Enter number in base 25 to convert to base 32 (To go back type /back): > /back
Enter two numbers in format: {source base} {target base} (To quit type /exit): > 25 35
Enter number in base 25 to convert to base 35 (To go back type /back): > 1jbh678gj3.8kfffffffffdn6kl398hk2a4
Conversion result: 30g3egpks.cceul
Enter number in base 25 to convert to base 35 (To go back type /back): > /back
Enter two numbers in format: {source base} {target base} (To quit type /exit): > 28 2
Enter number in base 28 to convert to base 2 (To go back type /back): > 1gqnk7c73d2.cgmb5gmb5gm872m05nn4gpf2he
Conversion result: 1101100001000110100011000000011001011001011011110.01110
Enter number in base 28 to convert to base 2 (To go back type /back): > /back
Enter two numbers in format: {source base} {target base} (To quit type /exit): > 28 5
Enter number in base 28 to convert to base 5 (To go back type /back): > k9nlc3cbaa.l0000
Conversion result: 211204302411200333231.33333
Enter number in base 28 to convert to base 5 (To go back type /back): > /back
Enter two numbers in format: {source base} {target base} (To quit type /exit): > 28 8
Enter number in base 28 to convert to base 8 (To go back type /back): > 9qp10aff9e.1j13a26k4dc8jmhomp6lrnm2he
Conversion result: 2775223456347472.03656
Enter number in base 28 to convert to base 8 (To go back type /back): > /back
Enter two numbers in format: {source base} {target base} (To quit type /exit): > 28 11
Enter number in base 28 to convert to base 11 (To go back type /back): > 1jc8b3g1ij.enefj13a26k38c8mdf3ihr0c7
Conversion result: 578aa5699761a.59148
Enter number in base 28 to convert to base 11 (To go back type /back): > /back
Enter two numbers in format: {source base} {target base} (To quit type /exit): > 28 14
Enter number in base 28 to convert to base 14 (To go back type /back): > klq4nhd6a3.b5gmb5gmb5h36jhracee57ak3e
Conversion result: 3c41141dd7b63.58585
Enter number in base 28 to convert to base 14 (To go back type /back): > /back
Enter two numbers in format: {source base} {target base} (To quit type /exit): > 28 17
Enter number in base 28 to convert to base 17 (To go back type /back): > 9qg8nn84oc.58qohpl7neflb3ab0pkik1r3e
Conversion result: 3138e49d0894.33f7g
Enter number in base 28 to convert to base 17 (To go back type /back): > /back
Enter two numbers in format: {source base} {target base} (To quit type /exit): > 28 20
Enter number in base 28 to convert to base 20 (To go back type /back): > 1743d9na2ab.l0000
Conversion result: 1g63biedbeeb.f0000
Enter number in base 28 to convert to base 20 (To go back type /back): > /back
Enter two numbers in format: {source base} {target base} (To quit type /exit): > 28 23
Enter number in base 28 to convert to base 23 (To go back type /back): > 17b9j0a0jif.i5gmb5gmb5gge5g0bji95n257
Conversion result: 90leaf9fj7e.eljce
Enter number in base 28 to convert to base 23 (To go back type /back): > /back
Enter two numbers in format: {source base} {target base} (To quit type /exit): > 28 26
Enter number in base 28 to convert to base 26 (To go back type /back): > 11g37d551qq.2mb5gmb5gmb77qbboiala9bae
Conversion result: 25g538lle4a.2ffff
Enter number in base 28 to convert to base 26 (To go back type /back): > /back
Enter two numbers in format: {source base} {target base} (To quit type /exit): > 28 29
Enter number in base 28 to convert to base 29 (To go back type /back): > 1c65ga87mhc.p5gmb5gmb5gge5g0bji95n257
Conversion result: 109fkerda1e.q2q2q
Enter number in base 28 to convert to base 29 (To go back type /back): > /back
Enter two numbers in format: {source base} {target base} (To quit type /exit): > 28 32
Enter number in base 28 to convert to base 32 (To go back type /back): > 160mijoahgg.8b5gmb5gmb5jkp5rm44nb2cpae
Conversion result: a7cja6nmr0.9j6cp
Enter number in base 28 to convert to base 32 (To go back type /back): > /back
Enter two numbers in format: {source base} {target base} (To quit type /exit): > 28 35
Enter number in base 28 to convert to base 35 (To go back type /back): > o299r042ri.cgmb5gmb5gm872m05nn4gpf2he
Conversion result: 384oqgh5t4.fq8q8
Enter number in base 28 to convert to base 35 (To go back type /back): > /back
Enter two numbers in format: {source base} {target base} (To quit type /exit): > 31 2
Enter number in base 31 to convert to base 2 (To go back type /back): > fd6aq5pkb1.333333333335b1p70u4mtfkqm4
Conversion result: 1011100101111000110000100101111001100000011111110.00011
Enter number in base 31 to convert to base 2 (To go back type /back): > /back
Enter two numbers in format: {source base} {target base} (To quit type /exit): > 31 5
Enter number in base 31 to convert to base 5 (To go back type /back): > 785h2ufmq3.740spmjgda71a034fd12abuejo
Conversion result: 200133044443142140410.10333
Enter number in base 31 to convert to base 5 (To go back type /back): > /back
Enter two numbers in format: {source base} {target base} (To quit type /exit): > 31 8
Enter number in base 31 to convert to base 8 (To go back type /back): > 9b0ige2el0.333333333335b1p70u4mtfkqm4
Conversion result: 7017371162356211.06314
Enter number in base 31 to convert to base 8 (To go back type /back): > /back
Enter two numbers in format: {source base} {target base} (To quit type /exit): > 31 11
Enter number in base 31 to convert to base 11 (To go back type /back): > f8ld5puqqg.iiiiiiiiiigqdieh7ka754i4ur
Conversion result: 1078024167a0595.66666
Enter number in base 31 to convert to base 11 (To go back type /back): > /back
Enter two numbers in format: {source base} {target base} (To quit type /exit): > 31 14
Enter number in base 31 to convert to base 14 (To go back type /back): > gb762chn1q.aqaqaqaqaqafqra22ml747jnm7
Conversion result: 78b888c127239.4c858
Enter number in base 31 to convert to base 14 (To go back type /back): > /back
Enter two numbers in format: {source base} {target base} (To quit type /exit): > 31 17
Enter number in base 31 to convert to base 17 (To go back type /back): > fdjia19h5f.rrrrrrrrrrtk1s0t7q58aasafj
Conversion result: bf85g0223260.f51bf
Enter number in base 31 to convert to base 17 (To go back type /back): > /back
Enter two numbers in format: {source base} {target base} (To quit type /exit): > 31 20
Enter number in base 31 to convert to base 20 (To go back type /back): > c07pa685ug.lllllllllll3k0ul7m8hrh0rfe
Conversion result: 1b01j9bggii9.e0000
Enter number in base 31 to convert to base 20 (To go back type /back): > /back
Enter two numbers in format: {source base} {target base} (To quit type /exit): > 31 23
Enter number in base 31 to convert to base 23 (To go back type /back): > 3oerh23gkf.n7n7n7n7n7n7n7n7n7n7n7n7n7
Conversion result: 29eb4d0ch8j.h5h5h
Enter number in base 31 to convert to base 23 (To go back type /back): > /back
Enter two numbers in format: {source base} {target base} (To quit type /exit): > 31 26
Enter number in base 31 to convert to base 26 (To go back type /back): > 9cg35snf26.2a2a2a2a2a23kmmfsb8kmcct43
Conversion result: 1jkg55dbc0h.1oi55
Enter number in base 31 to convert to base 26 (To go back type /back): > /back
Enter two numbers in format: {source base} {target base} (To quit type /exit): > 31 29
Enter number in base 31 to convert to base 29 (To go back type /back): > 47i5uk7p95.0j6pd0j6pd0i8steurqaj9uam9
Conversion result: 7la2ijki16.0gnmh
Enter number in base 31 to convert to base 29 (To go back type /back): > /back
Enter two numbers in format: {source base} {target base} (To quit type /exit): > 31 32
Enter number in base 31 to convert to base 32 (To go back type /back): > hg29btphlb.lllllllllll3k0ul7m8hrh0rfe
Conversion result: d58cummui6.mcpj6
Enter number in base 31 to convert to base 32 (To go back type /back): > /back
Enter two numbers in format: {source base} {target base} (To quit type /exit): > 31 35
Enter number in base 31 to convert to base 35 (To go back type /back): > qqelb42re.e81qke81qke2k068uq24kntt8
Conversion result: a5yb1j5oa.g3hhh
Enter number in base 31 to convert to base 35 (To go back type /back): > /back
Enter two numbers in format: {source base} {target base} (To quit type /exit): > 34 2
Enter number in base 34 to convert to base 2 (To go back type /back): > 5ee25tw3pl.53dkdkdkdkctfq9mb244njh6w5
Conversion result: 1001010111000010011100101011101111000100111100011.00100
Enter number in base 34 to convert to base 2 (To go back type /back): > /back
Enter two numbers in format: {source base} {target base} (To quit type /exit): > 34 5
Enter number in base 34 to convert to base 5 (To go back type /back): > 1iwn9ar0tm.3dkdkdkdkdl4i7obmvttaegr1
Conversion result: 44344031202412331120.02222
Enter number in base 34 to convert to base 5 (To go back type /back): > /back
Enter two numbers in format: {source base} {target base} (To quit type /exit): > 34 8
Enter number in base 34 to convert to base 8 (To go back type /back): > 4m37age2cb.dkdkdkdkdkgi4utcnphf7nx67d
Conversion result: 10014267733443633.31463
Enter number in base 34 to convert to base 8 (To go back type /back): > /back
Enter two numbers in format: {source base} {target base} (To quit type /exit): > 34 11
Enter number in base 34 to convert to base 11 (To go back type /back): > 7txc0e0pc1.ph000
Conversion result: 129535713388941.82828
Enter number in base 34 to convert to base 11 (To go back type /back): > /back
Enter two numbers in format: {source base} {target base} (To quit type /exit): > 34 14
Enter number in base 34 to convert to base 14 (To go back type /back): > 21gguvxh2d.sukdkdkdkdhft34la8giqa0rqk
Conversion result: 228db44808c69.bc858
Enter number in base 34 to convert to base 14 (To go back type /back): > /back
Enter two numbers in format: {source base} {target base} (To quit type /exit): > 34 17
Enter number in base 34 to convert to base 17 (To go back type /back): > j6b5kpghg.el2ogatv9hlh7h0sobfuomhf9
Conversion result: ggfb098gf0g.754a0
Enter number in base 34 to convert to base 17 (To go back type /back): > /back
Enter two numbers in format: {source base} {target base} (To quit type /exit): > 34 20
Enter number in base 34 to convert to base 20 (To go back type /back): > 4776e0uh66.8h000
Conversion result: 14ja1cfc6b7a.50000
Enter number in base 34 to convert to base 20 (To go back type /back): > /back
Enter two numbers in format: {source base} {target base} (To quit type /exit): > 34 23
Enter number in base 34 to convert to base 23 (To go back type /back): > 3l5952hnvd.m3dkdkdkdkgi4utcnphf7nx67d
Conversion result: 5729a4gd0e5.eljce
Enter number in base 34 to convert to base 23 (To go back type /back): > /back
Enter two numbers in format: {source base} {target base} (To quit type /exit): > 34 26
Enter number in base 34 to convert to base 26 (To go back type /back): > a02cr6cbf.tjogatv9hn0j0uwpj3d24c0xb
Conversion result: 37dm8ao4g5.mg333
Enter number in base 34 to convert to base 26 (To go back type /back): > /back
Enter two numbers in format: {source base} {target base} (To quit type /exit): > 34 29
Enter number in base 34 to convert to base 29 (To go back type /back): > jafoowfti.sukdkdkdkdhft34la8giqa0rq
Conversion result: 2aqo442dh6.oioio
Enter number in base 34 to convert to base 29 (To go back type /back): > /back
Enter two numbers in format: {source base} {target base} (To quit type /exit): > 34 32
Enter number in base 34 to convert to base 32 (To go back type /back): > 86a3dorgk7.nr6r6r6r6r0vo698kgx3ik1lj6
Conversion result: e401prit97.mcpj6
Enter number in base 34 to convert to base 32 (To go back type /back): > /back
Enter two numbers in format: {source base} {target base} (To quit type /exit): > 34 35
Enter number in base 34 to convert to base 35 (To go back type /back): > 6jgrr5mv6x.h0000
Conversion result: 528a61f4d3.hhhhh
Enter number in base 34 to convert to base 35 (To go back type /back): > /back
Enter two numbers in format: {source base} {target base} (To quit type /exit): > /exit
]]></system-out>
  <system-err><![CDATA[]]></system-err>
</testsuite>
